<?xml version="1.0" encoding="UTF-8"?>
<!-- Generated by org.testng.reporters.JUnitReportReporter -->
<testsuite skipped="0" hostname="DESKTOP-BUNPH2G" name="testNGScripts.TripAdvisor" tests="1" failures="0" timestamp="21 Jan 2020 15:27:34 GMT" time="0.007" errors="0">
  <testcase name="tripToClubMahindra" time="0.007" classname="testNGScripts.TripAdvisor"/>
</testsuite> <!-- testNGScripts.TripAdvisor -->
