<?xml version="1.0" encoding="UTF-8"?>
<!-- Generated by org.testng.reporters.JUnitReportReporter -->
<testsuite skipped="0" hostname="DESKTOP-BUNPH2G" name="testNGScripts.IphonePriceComparison" tests="1" failures="0" timestamp="18 Jan 2020 09:35:07 GMT" time="17.481" errors="0">
  <testcase name="iPhonePrice" time="17.481" classname="testNGScripts.IphonePriceComparison"/>
</testsuite> <!-- testNGScripts.IphonePriceComparison -->
