<?xml version="1.0" encoding="UTF-8"?>
<!-- Generated by org.testng.reporters.JUnitReportReporter -->
<testsuite skipped="0" hostname="DESKTOP-BUNPH2G" name="A" tests="1" failures="0" timestamp="17 Jan 2020 18:30:20 GMT" time="33.627" errors="0">
  <testcase name="b" time="33.627" classname="A"/>
</testsuite> <!-- A -->
