<?xml version="1.0" encoding="UTF-8"?>
<!-- Generated by org.testng.reporters.JUnitReportReporter -->
<testsuite skipped="0" hostname="DESKTOP-BUNPH2G" name="testNGScripts.IphonePriceComparison" tests="1" failures="0" timestamp="21 Jan 2020 17:32:25 GMT" time="19.160" errors="0">
  <testcase name="iPhonePrice" time="19.160" classname="testNGScripts.IphonePriceComparison"/>
</testsuite> <!-- testNGScripts.IphonePriceComparison -->
